#
# A fatal error has been detected by the Java Runtime Environment:
#
#  EXCEPTION_ACCESS_VIOLATION (0xc0000005) at pc=0x00007ffd9f253b73, pid=7572, tid=0x0000000000002608
#
# JRE version: Java(TM) SE Runtime Environment (8.0_111-b14) (build 1.8.0_111-b14)
# Java VM: Java HotSpot(TM) 64-Bit Server VM (25.111-b14 mixed mode windows-amd64 compressed oops)
# Problematic frame:
# C  [glfw.dll+0x3b73]
#
# Failed to write core dump. Minidumps are not enabled by default on client versions of Windows
#
# If you would like to submit a bug report, please visit:
#   http://bugreport.java.com/bugreport/crash.jsp
# The crash happened outside the Java Virtual Machine in native code.
# See problematic frame for where to report the bug.
#

---------------  T H R E A D  ---------------

Current thread (0x0000000001e40800):  JavaThread "main" [_thread_in_native, id=9736, stack(0x0000000001d40000,0x0000000001e40000)]

siginfo: ExceptionCode=0xc0000005, reading address 0x0000000000000000

Registers:
RAX=0x0000000000000000, RBX=0x00000000012bbda0, RCX=0x0000000000000000, RDX=0x0000000000000000
RSP=0x0000000001e3ee80, RBP=0x0000000001e3ef10, RSI=0x0000000000000108, RDI=0x0000000000000cc9
R8 =0x0000000000000008, R9 =0x0000000000000000, R10=0x00007ffd9f3157d0, R11=0x00000000012bbfa8
R12=0x0000000000000000, R13=0x0000000001e3eff0, R14=0x0000000001e3ef00, R15=0x0000000001e40800
RIP=0x00007ffd9f253b73, EFLAGS=0x0000000000010287

Top of Stack: (sp=0x0000000001e3ee80)
0x0000000001e3ee80:   00000000c15d5d18 0000000000000108
0x0000000001e3ee90:   0000000001e3f038 0000000003773914
0x0000000001e3eea0:   00000000012bbda0 0000000003765b0a
0x0000000001e3eeb0:   00000000012bbda0 00007ffdaf9e0000
0x0000000001e3eec0:   00000000225505c8 00007ffd9f2557a8
0x0000000001e3eed0:   0000000001e3ef10 0000000001e3ef00
0x0000000001e3eee0:   0000d9a5b25494a1 00000000037866ca
0x0000000001e3eef0:   00007ffd9f253e60 00000000c14136e8
0x0000000001e3ef00:   00000000c1400e70 00000000121b6000
0x0000000001e3ef10:   0000000001e3f038 000000000378b154
0x0000000001e3ef20:   0000000001e3f038 00000000037718f4
0x0000000001e3ef30:   ffffffffffffffff 0000000015870ad0
0x0000000001e3ef40:   00000000c1400e70 00000000158c2ee0
0x0000000001e3ef50:   00000000c1400e70 000000000376d7f4
0x0000000001e3ef60:   0000000001e3f038 000000000376e6fc
0x0000000001e3ef70:   ffffffffffffffff 0000000015871b98 

Instructions: (pc=0x00007ffd9f253b73)
0x00007ffd9f253b53:   02 00 e8 56 21 00 00 48 39 1d 27 af 02 00 48 8d
0x00007ffd9f253b63:   0d 20 af 02 00 74 0e 66 0f 1f 44 00 00 48 8b 09
0x00007ffd9f253b73:   48 39 19 75 f8 48 8b 03 48 89 01 48 8b cb 48 83
0x00007ffd9f253b83:   c4 20 5b e9 f9 e0 00 00 48 83 c4 20 5b c3 cc cc 


Register to memory mapping:

RAX=0x0000000000000000 is an unknown value
RBX=0x00000000012bbda0 is an unknown value
RCX=0x0000000000000000 is an unknown value
RDX=0x0000000000000000 is an unknown value
RSP=0x0000000001e3ee80 is pointing into the stack for thread: 0x0000000001e40800
RBP=0x0000000001e3ef10 is pointing into the stack for thread: 0x0000000001e40800
RSI=0x0000000000000108 is an unknown value
RDI=0x0000000000000cc9 is an unknown value
R8 =0x0000000000000008 is an unknown value
R9 =0x0000000000000000 is an unknown value
R10=0x00007ffd9f3157d0 is an unknown value
R11=0x00000000012bbfa8 is an unknown value
R12=0x0000000000000000 is an unknown value
R13=0x0000000001e3eff0 is pointing into the stack for thread: 0x0000000001e40800
R14=0x0000000001e3ef00 is pointing into the stack for thread: 0x0000000001e40800
R15=0x0000000001e40800 is a thread


Stack: [0x0000000001d40000,0x0000000001e40000],  sp=0x0000000001e3ee80,  free space=1019k
Native frames: (J=compiled Java code, j=interpreted, Vv=VM code, C=native code)
C  [glfw.dll+0x3b73]
C  0x0000000003765b0a

Java frames: (J=compiled Java code, j=interpreted, Vv=VM code)
J 859  org.lwjgl.system.JNI.invokePV(JJ)V (0 bytes) @ 0x0000000003765a84 [0x0000000003765a40+0x44]
J 899 C1 assignment7.windowmanager.Window.render()V (26 bytes) @ 0x000000000378b154 [0x000000000378af00+0x254]
j  assignment7.windowmanager.Window.start()V+9
j  assignment7.windowmanager.Window.<init>(II)V+61
j  assignment7.windowmanager.MyWindow.<init>(II)V+3
j  assignment7.MainGameLoop7.main([Ljava/lang/String;)V+9
v  ~StubRoutines::call_stub

---------------  P R O C E S S  ---------------

Java Threads: ( => current thread )
  0x0000000018ef2000 JavaThread "AWT-Windows" daemon [_thread_in_native, id=13292, stack(0x00000000198c0000,0x00000000199c0000)]
  0x0000000018ee6000 JavaThread "Java2D Disposer" daemon [_thread_blocked, id=12232, stack(0x00000000196c0000,0x00000000197c0000)]
  0x0000000017ded800 JavaThread "Service Thread" daemon [_thread_blocked, id=4208, stack(0x0000000018930000,0x0000000018a30000)]
  0x0000000017d67800 JavaThread "C1 CompilerThread3" daemon [_thread_blocked, id=14736, stack(0x0000000018830000,0x0000000018930000)]
  0x0000000017d5e000 JavaThread "C2 CompilerThread2" daemon [_thread_blocked, id=12540, stack(0x0000000018730000,0x0000000018830000)]
  0x0000000017d4d800 JavaThread "C2 CompilerThread1" daemon [_thread_blocked, id=14616, stack(0x0000000018630000,0x0000000018730000)]
  0x0000000017d49800 JavaThread "C2 CompilerThread0" daemon [_thread_blocked, id=14220, stack(0x0000000018530000,0x0000000018630000)]
  0x0000000017d48800 JavaThread "Attach Listener" daemon [_thread_blocked, id=864, stack(0x0000000018430000,0x0000000018530000)]
  0x0000000015e6e000 JavaThread "Signal Dispatcher" daemon [_thread_blocked, id=6292, stack(0x0000000018330000,0x0000000018430000)]
  0x0000000017d40800 JavaThread "Finalizer" daemon [_thread_blocked, id=4912, stack(0x0000000018120000,0x0000000018220000)]
  0x0000000001f38800 JavaThread "Reference Handler" daemon [_thread_blocked, id=14344, stack(0x0000000017c20000,0x0000000017d20000)]
=>0x0000000001e40800 JavaThread "main" [_thread_in_native, id=9736, stack(0x0000000001d40000,0x0000000001e40000)]

Other Threads:
  0x0000000015e59000 VMThread [stack: 0x0000000017b20000,0x0000000017c20000] [id=9340]
  0x0000000017e14000 WatcherThread [stack: 0x0000000018dc0000,0x0000000018ec0000] [id=8712]

VM state:not at safepoint (normal execution)

VM Mutex/Monitor currently owned by a thread: None

Heap:
 PSYoungGen      total 18944K, used 7445K [0x00000000eb180000, 0x00000000ec680000, 0x0000000100000000)
  eden space 16384K, 29% used [0x00000000eb180000,0x00000000eb6455e0,0x00000000ec180000)
  from space 2560K, 100% used [0x00000000ec180000,0x00000000ec400000,0x00000000ec400000)
  to   space 2560K, 0% used [0x00000000ec400000,0x00000000ec400000,0x00000000ec680000)
 ParOldGen       total 28160K, used 7640K [0x00000000c1400000, 0x00000000c2f80000, 0x00000000eb180000)
  object space 28160K, 27% used [0x00000000c1400000,0x00000000c1b76080,0x00000000c2f80000)
 Metaspace       used 11688K, capacity 11902K, committed 12160K, reserved 1060864K
  class space    used 1025K, capacity 1091K, committed 1152K, reserved 1048576K

Card table byte_map: [0x00000000127c0000,0x00000000129c0000] byte_map_base: 0x00000000121b6000

Marking Bits: (ParMarkBitMap*) 0x0000000055e8a6c0
 Begin Bits: [0x0000000013310000, 0x00000000142c0000)
 End Bits:   [0x00000000142c0000, 0x0000000015270000)

Polling page: 0x0000000001830000

CodeCache: size=245760Kb used=3940Kb max_used=3940Kb free=241819Kb
 bounds [0x0000000003400000, 0x00000000037e0000, 0x0000000012400000]
 total_blobs=1720 nmethods=919 adapters=714
 compilation: enabled

Compilation events (10 events):
Event: 23.460 Thread 0x0000000017d67800 nmethod 913 0x00000000037a8890 code [0x00000000037a8a20, 0x00000000037a8d78]
Event: 23.494 Thread 0x0000000017d67800  915       3       assignment7.windowmanager.MyWindow::onKeyboard (239 bytes)
Event: 23.495 Thread 0x0000000017d67800 nmethod 915 0x00000000037b0d10 code [0x00000000037b10a0, 0x00000000037b2288]
Event: 23.495 Thread 0x0000000017d67800  916       3       org.joml.Vector3f::add (32 bytes)
Event: 23.495 Thread 0x0000000017d67800 nmethod 916 0x00000000037a8110 code [0x00000000037a8260, 0x00000000037a83d0]
Event: 25.153 Thread 0x0000000017d5e000  917       4       org.joml.Vector3f::add (41 bytes)
Event: 25.154 Thread 0x0000000017d5e000 nmethod 917 0x00000000037b0a50 code [0x00000000037b0b80, 0x00000000037b0c38]
Event: 27.333 Thread 0x0000000017d67800  918       3       java.nio.ByteBuffer::arrayOffset (35 bytes)
Event: 27.334 Thread 0x0000000017d67800 nmethod 918 0x00000000037b0450 code [0x00000000037b05e0, 0x00000000037b08f8]
Event: 27.397 Thread 0x0000000017d67800  919       3       assignment7.entitites.Asteroid::render (433 bytes)

GC Heap History (8 events):
Event: 1.124 GC heap before
{Heap before GC invocations=1 (full 0):
 PSYoungGen      total 18944K, used 16384K [0x00000000eb180000, 0x00000000ec680000, 0x0000000100000000)
  eden space 16384K, 100% used [0x00000000eb180000,0x00000000ec180000,0x00000000ec180000)
  from space 2560K, 0% used [0x00000000ec400000,0x00000000ec400000,0x00000000ec680000)
  to   space 2560K, 0% used [0x00000000ec180000,0x00000000ec180000,0x00000000ec400000)
 ParOldGen       total 44032K, used 17578K [0x00000000c1400000, 0x00000000c3f00000, 0x00000000eb180000)
  object space 44032K, 39% used [0x00000000c1400000,0x00000000c252a890,0x00000000c3f00000)
 Metaspace       used 10770K, capacity 10974K, committed 11136K, reserved 1058816K
  class space    used 988K, capacity 1059K, committed 1152K, reserved 1048576K
Event: 1.130 GC heap after
Heap after GC invocations=1 (full 0):
 PSYoungGen      total 18944K, used 2549K [0x00000000eb180000, 0x00000000ec680000, 0x0000000100000000)
  eden space 16384K, 0% used [0x00000000eb180000,0x00000000eb180000,0x00000000ec180000)
  from space 2560K, 99% used [0x00000000ec180000,0x00000000ec3fd710,0x00000000ec400000)
  to   space 2560K, 0% used [0x00000000ec400000,0x00000000ec400000,0x00000000ec680000)
 ParOldGen       total 44032K, used 18814K [0x00000000c1400000, 0x00000000c3f00000, 0x00000000eb180000)
  object space 44032K, 42% used [0x00000000c1400000,0x00000000c265fb40,0x00000000c3f00000)
 Metaspace       used 10770K, capacity 10974K, committed 11136K, reserved 1058816K
  class space    used 988K, capacity 1059K, committed 1152K, reserved 1048576K
}
Event: 1.276 GC heap before
{Heap before GC invocations=2 (full 0):
 PSYoungGen      total 18944K, used 18933K [0x00000000eb180000, 0x00000000ec680000, 0x0000000100000000)
  eden space 16384K, 100% used [0x00000000eb180000,0x00000000ec180000,0x00000000ec180000)
  from space 2560K, 99% used [0x00000000ec180000,0x00000000ec3fd710,0x00000000ec400000)
  to   space 2560K, 0% used [0x00000000ec400000,0x00000000ec400000,0x00000000ec680000)
 ParOldGen       total 44032K, used 18814K [0x00000000c1400000, 0x00000000c3f00000, 0x00000000eb180000)
  object space 44032K, 42% used [0x00000000c1400000,0x00000000c265fb40,0x00000000c3f00000)
 Metaspace       used 10812K, capacity 11038K, committed 11136K, reserved 1058816K
  class space    used 992K, capacity 1059K, committed 1152K, reserved 1048576K
Event: 1.278 GC heap after
Heap after GC invocations=2 (full 0):
 PSYoungGen      total 18944K, used 1552K [0x00000000eb180000, 0x00000000ec680000, 0x0000000100000000)
  eden space 16384K, 0% used [0x00000000eb180000,0x00000000eb180000,0x00000000ec180000)
  from space 2560K, 60% used [0x00000000ec400000,0x00000000ec584010,0x00000000ec680000)
  to   space 2560K, 0% used [0x00000000ec180000,0x00000000ec180000,0x00000000ec400000)
 ParOldGen       total 44032K, used 18822K [0x00000000c1400000, 0x00000000c3f00000, 0x00000000eb180000)
  object space 44032K, 42% used [0x00000000c1400000,0x00000000c2661b40,0x00000000c3f00000)
 Metaspace       used 10812K, capacity 11038K, committed 11136K, reserved 1058816K
  class space    used 992K, capacity 1059K, committed 1152K, reserved 1048576K
}
Event: 5.224 GC heap before
{Heap before GC invocations=3 (full 1):
 PSYoungGen      total 18944K, used 17936K [0x00000000eb180000, 0x00000000ec680000, 0x0000000100000000)
  eden space 16384K, 100% used [0x00000000eb180000,0x00000000ec180000,0x00000000ec180000)
  from space 2560K, 60% used [0x00000000ec400000,0x00000000ec584010,0x00000000ec680000)
  to   space 2560K, 0% used [0x00000000ec180000,0x00000000ec180000,0x00000000ec400000)
 ParOldGen       total 67584K, used 65697K [0x00000000c1400000, 0x00000000c5600000, 0x00000000eb180000)
  object space 67584K, 97% used [0x00000000c1400000,0x00000000c5428760,0x00000000c5600000)
 Metaspace       used 11659K, capacity 11902K, committed 12160K, reserved 1060864K
  class space    used 1025K, capacity 1091K, committed 1152K, reserved 1048576K
Event: 5.246 GC heap after
Heap after GC invocations=3 (full 1):
 PSYoungGen      total 18944K, used 0K [0x00000000eb180000, 0x00000000ec680000, 0x0000000100000000)
  eden space 16384K, 0% used [0x00000000eb180000,0x00000000eb180000,0x00000000ec180000)
  from space 2560K, 0% used [0x00000000ec400000,0x00000000ec400000,0x00000000ec680000)
  to   space 2560K, 0% used [0x00000000ec180000,0x00000000ec180000,0x00000000ec400000)
 ParOldGen       total 28160K, used 2680K [0x00000000c1400000, 0x00000000c2f80000, 0x00000000eb180000)
  object space 28160K, 9% used [0x00000000c1400000,0x00000000c169e080,0x00000000c2f80000)
 Metaspace       used 11659K, capacity 11902K, committed 12160K, reserved 1060864K
  class space    used 1025K, capacity 1091K, committed 1152K, reserved 1048576K
}
Event: 22.068 GC heap before
{Heap before GC invocations=4 (full 1):
 PSYoungGen      total 18944K, used 16384K [0x00000000eb180000, 0x00000000ec680000, 0x0000000100000000)
  eden space 16384K, 100% used [0x00000000eb180000,0x00000000ec180000,0x00000000ec180000)
  from space 2560K, 0% used [0x00000000ec400000,0x00000000ec400000,0x00000000ec680000)
  to   space 2560K, 0% used [0x00000000ec180000,0x00000000ec180000,0x00000000ec400000)
 ParOldGen       total 28160K, used 2680K [0x00000000c1400000, 0x00000000c2f80000, 0x00000000eb180000)
  object space 28160K, 9% used [0x00000000c1400000,0x00000000c169e080,0x00000000c2f80000)
 Metaspace       used 11679K, capacity 11902K, committed 12160K, reserved 1060864K
  class space    used 1025K, capacity 1091K, committed 1152K, reserved 1048576K
Event: 22.087 GC heap after
Heap after GC invocations=4 (full 1):
 PSYoungGen      total 18944K, used 2560K [0x00000000eb180000, 0x00000000ec680000, 0x0000000100000000)
  eden space 16384K, 0% used [0x00000000eb180000,0x00000000eb180000,0x00000000ec180000)
  from space 2560K, 100% used [0x00000000ec180000,0x00000000ec400000,0x00000000ec400000)
  to   space 2560K, 0% used [0x00000000ec400000,0x00000000ec400000,0x00000000ec680000)
 ParOldGen       total 28160K, used 7640K [0x00000000c1400000, 0x00000000c2f80000, 0x00000000eb180000)
  object space 28160K, 27% used [0x00000000c1400000,0x00000000c1b76080,0x00000000c2f80000)
 Metaspace       used 11679K, capacity 11902K, committed 12160K, reserved 1060864K
  class space    used 1025K, capacity 1091K, committed 1152K, reserved 1048576K
}

Deoptimization events (10 events):
Event: 0.928 Thread 0x0000000001e40800 Uncommon trap: reason=unstable_if action=reinterpret pc=0x0000000003597c24 method=java.lang.String.indexOf([CII[CIII)I @ 3
Event: 1.491 Thread 0x0000000001e40800 Uncommon trap: reason=unstable_if action=reinterpret pc=0x000000000369f9e0 method=assignment7.utilities.FileUtils.loadImage(Ljava/lang/String;Lorg/joml/Vector2i;)[I @ 179
Event: 1.615 Thread 0x0000000001e40800 Uncommon trap: reason=unstable_if action=reinterpret pc=0x0000000003678b38 method=sun.awt.image.ByteInterleavedRaster.putByteData(IIII[B)V @ 395
Event: 1.647 Thread 0x0000000001e40800 Uncommon trap: reason=unstable_if action=reinterpret pc=0x00000000036935bc method=java.awt.image.ComponentColorModel.getRGB(Ljava/lang/Object;)I @ 4
Event: 1.647 Thread 0x0000000001e40800 Uncommon trap: reason=unstable_if action=reinterpret pc=0x00000000036724e0 method=java.awt.image.ComponentColorModel.getAlpha(Ljava/lang/Object;)I @ 4
Event: 1.647 Thread 0x0000000001e40800 Uncommon trap: reason=unstable_if action=reinterpret pc=0x000000000369a744 method=java.awt.image.ComponentColorModel.extractComponent(Ljava/lang/Object;II)I @ 4
Event: 1.650 Thread 0x0000000001e40800 Uncommon trap: reason=unstable_if action=reinterpret pc=0x00000000036a1e24 method=java.awt.image.ComponentColorModel.getAlpha(Ljava/lang/Object;)I @ 4
Event: 1.695 Thread 0x0000000001e40800 Uncommon trap: reason=unstable_if action=reinterpret pc=0x00000000036e74d8 method=java.awt.image.BufferedImage.getRGB(IIII[III)[I @ 163
Event: 5.246 Thread 0x0000000001e40800 Uncommon trap: reason=unstable_if action=reinterpret pc=0x000000000373ccd0 method=java.nio.Bits.tryReserveMemory(JI)Z @ 29
Event: 27.397 Thread 0x0000000001e40800 Uncommon trap: reason=unstable_if action=reinterpret pc=0x00000000037b81dc method=assignment7.graphics.Shaderprogram.setUniform1f(Ljava/lang/String;F)V @ 4

Internal exceptions (10 events):
Event: 0.027 Thread 0x0000000001e40800 Exception <a 'java/lang/NoSuchMethodError': Method sun.misc.Unsafe.prefetchRead(Ljava/lang/Object;J)V name or signature does not match> (0x00000000eb187f60) thrown at [C:\re\workspace\8-2-build-windows-amd64-cygwin\jdk8u111\7883\hotspot\src\share\vm\prims
Event: 0.068 Thread 0x0000000001e40800 Exception <a 'java/io/FileNotFoundException'> (0x00000000eb1d9c10) thrown at [C:\re\workspace\8-2-build-windows-amd64-cygwin\jdk8u111\7883\hotspot\src\share\vm\prims\jni.cpp, line 709]
Event: 0.084 Thread 0x0000000001e40800 Exception <a 'java/security/PrivilegedActionException'> (0x00000000eb2032c8) thrown at [C:\re\workspace\8-2-build-windows-amd64-cygwin\jdk8u111\7883\hotspot\src\share\vm\prims\jvm.cpp, line 1386]
Event: 0.084 Thread 0x0000000001e40800 Exception <a 'java/security/PrivilegedActionException'> (0x00000000eb2034d8) thrown at [C:\re\workspace\8-2-build-windows-amd64-cygwin\jdk8u111\7883\hotspot\src\share\vm\prims\jvm.cpp, line 1386]
Event: 0.084 Thread 0x0000000001e40800 Exception <a 'java/security/PrivilegedActionException'> (0x00000000eb207120) thrown at [C:\re\workspace\8-2-build-windows-amd64-cygwin\jdk8u111\7883\hotspot\src\share\vm\prims\jvm.cpp, line 1386]
Event: 0.084 Thread 0x0000000001e40800 Exception <a 'java/security/PrivilegedActionException'> (0x00000000eb207330) thrown at [C:\re\workspace\8-2-build-windows-amd64-cygwin\jdk8u111\7883\hotspot\src\share\vm\prims\jvm.cpp, line 1386]
Event: 0.088 Thread 0x0000000001e40800 Exception <a 'java/io/FileNotFoundException'> (0x00000000eb20a2b8) thrown at [C:\re\workspace\8-2-build-windows-amd64-cygwin\jdk8u111\7883\hotspot\src\share\vm\prims\jni.cpp, line 709]
Event: 0.120 Thread 0x0000000001e40800 Exception <a 'java/lang/NoSuchFieldError': method resolution failed> (0x00000000eb3298a8) thrown at [C:\re\workspace\8-2-build-windows-amd64-cygwin\jdk8u111\7883\hotspot\src\share\vm\prims\methodHandles.cpp, line 1146]
Event: 0.121 Thread 0x0000000001e40800 Exception <a 'java/lang/NoSuchFieldError': method resolution failed> (0x00000000eb336c78) thrown at [C:\re\workspace\8-2-build-windows-amd64-cygwin\jdk8u111\7883\hotspot\src\share\vm\prims\methodHandles.cpp, line 1146]
Event: 0.166 Thread 0x0000000001e40800 Implicit null exception at 0x000000000357175b to 0x000000000357190d

Events (10 events):
Event: 5.246 Thread 0x0000000001e40800 Uncommon trap: trap_request=0xffffff65 fr.pc=0x000000000373ccd0
Event: 5.246 Thread 0x0000000001e40800 DEOPT PACKING pc=0x000000000373ccd0 sp=0x0000000001e3e9b0
Event: 5.246 Thread 0x0000000001e40800 DEOPT UNPACKING pc=0x000000000344582a sp=0x0000000001e3e848 mode 2
Event: 13.837 Thread 0x0000000001e40800 DEOPT PACKING pc=0x00000000037538cc sp=0x0000000001e3e6f0
Event: 13.837 Thread 0x0000000001e40800 DEOPT UNPACKING pc=0x000000000344787f sp=0x0000000001e3e858 mode 0
Event: 22.068 Executing VM operation: ParallelGCFailedAllocation
Event: 22.087 Executing VM operation: ParallelGCFailedAllocation done
Event: 27.397 Thread 0x0000000001e40800 Uncommon trap: trap_request=0xffffff65 fr.pc=0x00000000037b81dc
Event: 27.397 Thread 0x0000000001e40800 DEOPT PACKING pc=0x00000000037b81dc sp=0x0000000001e3eae0
Event: 27.397 Thread 0x0000000001e40800 DEOPT UNPACKING pc=0x000000000344582a sp=0x0000000001e3ea28 mode 2


Dynamic libraries:
0x00007ff669040000 - 0x00007ff669077000 	C:\Program Files\Java\jre1.8.0_111\bin\javaw.exe
0x00007ffdc73a0000 - 0x00007ffdc7571000 	C:\WINDOWS\SYSTEM32\ntdll.dll
0x00007ffdc4ea0000 - 0x00007ffdc4f4b000 	C:\WINDOWS\System32\KERNEL32.DLL
0x00007ffdc4670000 - 0x00007ffdc488d000 	C:\WINDOWS\System32\KERNELBASE.dll
0x00007ffdc6ab0000 - 0x00007ffdc6b52000 	C:\WINDOWS\System32\ADVAPI32.dll
0x00007ffdc6bc0000 - 0x00007ffdc6c5e000 	C:\WINDOWS\System32\msvcrt.dll
0x00007ffdc4ad0000 - 0x00007ffdc4b29000 	C:\WINDOWS\System32\sechost.dll
0x00007ffdc6d90000 - 0x00007ffdc6eb1000 	C:\WINDOWS\System32\RPCRT4.dll
0x00007ffdc4d30000 - 0x00007ffdc4e95000 	C:\WINDOWS\System32\USER32.dll
0x00007ffdc4650000 - 0x00007ffdc466e000 	C:\WINDOWS\System32\win32u.dll
0x00007ffdc50a0000 - 0x00007ffdc50d4000 	C:\WINDOWS\System32\GDI32.dll
0x00007ffdc40d0000 - 0x00007ffdc4252000 	C:\WINDOWS\System32\gdi32full.dll
0x00007ffdbfe20000 - 0x00007ffdc0099000 	C:\WINDOWS\WinSxS\amd64_microsoft.windows.common-controls_6595b64144ccf1df_6.0.14393.447_none_42191651c6827bb3\COMCTL32.dll
0x00007ffdc5260000 - 0x00007ffdc5528000 	C:\WINDOWS\System32\combase.dll
0x00007ffdc4310000 - 0x00007ffdc4405000 	C:\WINDOWS\System32\ucrtbase.dll
0x00007ffdc45e0000 - 0x00007ffdc464a000 	C:\WINDOWS\System32\bcryptPrimitives.dll
0x00007ffdc4b30000 - 0x00007ffdc4b5e000 	C:\WINDOWS\System32\IMM32.DLL
0x00000000553d0000 - 0x00000000554a2000 	C:\Program Files\Java\jre1.8.0_111\bin\msvcr100.dll
0x0000000055670000 - 0x0000000055f0a000 	C:\Program Files\Java\jre1.8.0_111\bin\server\jvm.dll
0x00007ffdc7390000 - 0x00007ffdc7398000 	C:\WINDOWS\System32\PSAPI.DLL
0x00007ffdb7fb0000 - 0x00007ffdb7fb9000 	C:\WINDOWS\SYSTEM32\WSOCK32.dll
0x00007ffdc1b40000 - 0x00007ffdc1b63000 	C:\WINDOWS\SYSTEM32\WINMM.dll
0x00007ffdc05f0000 - 0x00007ffdc05fa000 	C:\WINDOWS\SYSTEM32\VERSION.dll
0x00007ffdc6a40000 - 0x00007ffdc6aaa000 	C:\WINDOWS\System32\WS2_32.dll
0x00007ffdc1b00000 - 0x00007ffdc1b2b000 	C:\WINDOWS\SYSTEM32\WINMMBASE.dll
0x00007ffdc4080000 - 0x00007ffdc40c2000 	C:\WINDOWS\System32\cfgmgr32.dll
0x0000000055580000 - 0x000000005558f000 	C:\Program Files\Java\jre1.8.0_111\bin\verify.dll
0x0000000055550000 - 0x0000000055579000 	C:\Program Files\Java\jre1.8.0_111\bin\java.dll
0x0000000055530000 - 0x0000000055546000 	C:\Program Files\Java\jre1.8.0_111\bin\zip.dll
0x00007ffdc5530000 - 0x00007ffdc6a39000 	C:\WINDOWS\System32\SHELL32.dll
0x00007ffdc3890000 - 0x00007ffdc3f6a000 	C:\WINDOWS\System32\windows.storage.dll
0x00007ffdc3810000 - 0x00007ffdc385c000 	C:\WINDOWS\System32\powrprof.dll
0x00007ffdc4b60000 - 0x00007ffdc4bb2000 	C:\WINDOWS\System32\shlwapi.dll
0x00007ffdc3800000 - 0x00007ffdc380f000 	C:\WINDOWS\System32\kernel.appcore.dll
0x00007ffdc3fd0000 - 0x00007ffdc4079000 	C:\WINDOWS\System32\shcore.dll
0x00007ffdc3870000 - 0x00007ffdc3884000 	C:\WINDOWS\System32\profapi.dll
0x0000000055230000 - 0x00000000553c8000 	C:\Program Files\Java\jre1.8.0_111\bin\awt.dll
0x00007ffdc6c70000 - 0x00007ffdc6d2f000 	C:\WINDOWS\System32\OLEAUT32.dll
0x00007ffdc4890000 - 0x00007ffdc492c000 	C:\WINDOWS\System32\msvcp_win.dll
0x00007ffdc1db0000 - 0x00007ffdc1e2a000 	C:\WINDOWS\SYSTEM32\apphelp.dll
0x00007ffdc1f90000 - 0x00007ffdc2025000 	C:\WINDOWS\system32\uxtheme.dll
0x00007ffdc5100000 - 0x00007ffdc525b000 	C:\WINDOWS\System32\MSCTF.dll
0x00007ffdc1340000 - 0x00007ffdc1366000 	C:\WINDOWS\system32\dwmapi.dll
0x00007ffdc4f60000 - 0x00007ffdc5097000 	C:\WINDOWS\System32\ole32.dll
0x00007ffd9f2e0000 - 0x00007ffd9f369000 	C:\Users\Stefan Geier\CGA-RenderingCompetition-WS16-17\libs\LWJGL\native\lwjgl.dll
0x00007ffdc3730000 - 0x00007ffdc373b000 	C:\WINDOWS\SYSTEM32\CRYPTBASE.DLL
0x00007ffd9f290000 - 0x00007ffd9f2d1000 	C:\Users\Stefan Geier\CGA-RenderingCompetition-WS16-17\libs\LWJGL\native\jemalloc.dll
0x00007ffd9f250000 - 0x00007ffd9f288000 	C:\Users\Stefan Geier\CGA-RenderingCompetition-WS16-17\libs\LWJGL\native\glfw.dll
0x00007ffdaf9e0000 - 0x00007ffdafb03000 	C:\WINDOWS\SYSTEM32\opengl32.dll
0x00007ffdb3770000 - 0x00007ffdb379d000 	C:\WINDOWS\SYSTEM32\GLU32.dll
0x00007ffdaf6f0000 - 0x00007ffdaf7e7000 	C:\WINDOWS\SYSTEM32\DDRAW.dll
0x00007ffdbc220000 - 0x00007ffdbc228000 	C:\WINDOWS\SYSTEM32\DCIMAN32.dll
0x00000000533c0000 - 0x0000000055221000 	C:\WINDOWS\SYSTEM32\nvoglv64.DLL
0x00007ffdc6ec0000 - 0x00007ffdc72e9000 	C:\WINDOWS\System32\SETUPAPI.dll
0x00007ffdb4240000 - 0x00007ffdb43d2000 	C:\WINDOWS\SYSTEM32\dbghelp.dll
0x00007ffdc0fc0000 - 0x00007ffdc0fd3000 	C:\WINDOWS\SYSTEM32\WTSAPI32.dll
0x00007ffdc2490000 - 0x00007ffdc24b8000 	C:\WINDOWS\SYSTEM32\DEVOBJ.dll
0x00007ffdc3f70000 - 0x00007ffdc3fc5000 	C:\WINDOWS\System32\WINTRUST.dll
0x00007ffdc3860000 - 0x00007ffdc3870000 	C:\WINDOWS\System32\MSASN1.dll
0x00007ffdc4410000 - 0x00007ffdc45d9000 	C:\WINDOWS\System32\CRYPT32.dll
0x00007ffdc2bb0000 - 0x00007ffdc2be2000 	C:\WINDOWS\SYSTEM32\ntmarta.dll
0x00007ffdc36d0000 - 0x00007ffdc3726000 	C:\WINDOWS\SYSTEM32\WINSTA.dll
0x00007ffdc2790000 - 0x00007ffdc282f000 	C:\WINDOWS\system32\dxgi.dll
0x00007ffdbb390000 - 0x00007ffdbb646000 	C:\WINDOWS\system32\d3d11.dll
0x00007ffdc3740000 - 0x00007ffdc376b000 	C:\WINDOWS\SYSTEM32\bcrypt.dll
0x00007ffda9b20000 - 0x00007ffda9cd7000 	C:\WINDOWS\system32\nvspcap64.dll
0x00007ffdbf3b0000 - 0x00007ffdbf47d000 	C:\WINDOWS\SYSTEM32\WINHTTP.dll
0x00007ffdbf660000 - 0x00007ffdbfa37000 	C:\WINDOWS\system32\nvapi64.dll
0x00007ffdc3460000 - 0x00007ffdc348c000 	C:\WINDOWS\SYSTEM32\SspiCli.dll
0x00007ffdc3270000 - 0x00007ffdc3287000 	C:\WINDOWS\SYSTEM32\CRYPTSP.dll
0x00007ffdc3180000 - 0x00007ffdc31b3000 	C:\WINDOWS\system32\rsaenh.dll
0x00007ffdc2e00000 - 0x00007ffdc2e1f000 	C:\WINDOWS\SYSTEM32\USERENV.dll
0x0000000055510000 - 0x000000005552a000 	C:\Program Files\Java\jre1.8.0_111\bin\net.dll
0x00007ffdc2f80000 - 0x00007ffdc2fdc000 	C:\WINDOWS\system32\mswsock.dll
0x00007ffdc2d10000 - 0x00007ffdc2d48000 	C:\WINDOWS\SYSTEM32\IPHLPAPI.DLL
0x00007ffdc4f50000 - 0x00007ffdc4f58000 	C:\WINDOWS\System32\NSI.dll
0x00007ffdc06a0000 - 0x00007ffdc06b6000 	C:\WINDOWS\SYSTEM32\dhcpcsvc6.DLL
0x00007ffdc0680000 - 0x00007ffdc069a000 	C:\WINDOWS\SYSTEM32\dhcpcsvc.DLL
0x00000000554f0000 - 0x0000000055501000 	C:\Program Files\Java\jre1.8.0_111\bin\nio.dll
0x0000000053380000 - 0x00000000533b1000 	C:\Program Files\Java\jre1.8.0_111\bin\jpeg.dll

VM Arguments:
jvm_args: -Djava.library.path=C:\Users\Stefan Geier\CGA-RenderingCompetition-WS16-17\libs\LWJGL\native -Dfile.encoding=Cp1252 
java_command: assignment7.MainGameLoop7
java_class_path (initial): C:\Users\Stefan Geier\CGA-RenderingCompetition-WS16-17\bin;C:\Users\Stefan Geier\CGA-RenderingCompetition-WS16-17\libs\JOML\joml-1.8.4.jar;C:\Users\Stefan Geier\CGA-RenderingCompetition-WS16-17\libs\LWJGL\jar\lwjgl.jar
Launcher Type: SUN_STANDARD

Environment Variables:
PATH=C:/Program Files/Java/jre1.8.0_111/bin/server;C:/Program Files/Java/jre1.8.0_111/bin;C:/Program Files/Java/jre1.8.0_111/lib/amd64;C:\ProgramData\Oracle\Java\javapath;C:\WINDOWS\system32;C:\WINDOWS;C:\WINDOWS\System32\Wbem;C:\WINDOWS\System32\WindowsPowerShell\v1.0\;C:\Program Files (x86)\NVIDIA Corporation\PhysX\Common;D:\Programme\Skype\Phone\;C:\WINDOWS\system32;C:\WINDOWS;C:\WINDOWS\System32\Wbem;C:\WINDOWS\System32\WindowsPowerShell\v1.0\;C:\Program Files (x86)\Windows Live\Shared;D:\Programme\Brackets\command;D:\Programme\Git\cmd;D:\Programme\Brackets;C:\Program Files (x86)\Google\Chrome\Application;C:\Users\Stefan Geier\AppData\Local\Microsoft\WindowsApps;C:\Users\Stefan Geier\AppData\Local\atom\bin;C:\Users\Stefan Geier\Desktop\eclipse neon;
USERNAME=Stefan Geier
OS=Windows_NT
PROCESSOR_IDENTIFIER=Intel64 Family 6 Model 60 Stepping 3, GenuineIntel



---------------  S Y S T E M  ---------------

OS: Windows 10.0 , 64 bit Build 14393 (10.0.14393.0)

CPU:total 8 (4 cores per cpu, 2 threads per core) family 6 model 60 stepping 3, cmov, cx8, fxsr, mmx, sse, sse2, sse3, ssse3, sse4.1, sse4.2, popcnt, avx, avx2, aes, clmul, erms, lzcnt, ht, tsc, tscinvbit, bmi1, bmi2

Memory: 4k page, physical 4112080k(801980k free), swap 6995664k(2044116k free)

vm_info: Java HotSpot(TM) 64-Bit Server VM (25.111-b14) for windows-amd64 JRE (1.8.0_111-b14), built on Sep 22 2016 19:24:05 by "java_re" with MS VC++ 10.0 (VS2010)

time: Sat Jan 07 20:06:03 2017
elapsed time: 27 seconds (0d 0h 0m 27s)

